<?xml version="1.0" encoding="UTF-8"?>
<!-- Generated by org.testng.reporters.JUnitReportReporter -->
<testsuite skipped="0" hostname="MDLT094" name="testClass.AngularTest" tests="1" failures="0" timestamp="03 Feb 2020 07:22:08 GMT" time="13.348" errors="0">
  <testcase name="sampleTest" time="13.348" classname="testClass.AngularTest"/>
</testsuite> <!-- testClass.AngularTest -->
